Determining if the pthread_create exist failed with the following output:
Change Dir: /home/pi/c-web-sockets/ws-hello-world/build/CMakeFiles/CMakeTmp

Run Build Command:"/usr/bin/make" "cmTC_07327/fast"
/usr/bin/make -f CMakeFiles/cmTC_07327.dir/build.make CMakeFiles/cmTC_07327.dir/build
make[1]: Entering directory '/home/pi/c-web-sockets/ws-hello-world/build/CMakeFiles/CMakeTmp'
Building C object CMakeFiles/cmTC_07327.dir/CheckSymbolExists.c.o
/usr/bin/cc     -o CMakeFiles/cmTC_07327.dir/CheckSymbolExists.c.o   -c /home/pi/c-web-sockets/ws-hello-world/build/CMakeFiles/CMakeTmp/CheckSymbolExists.c
Linking C executable cmTC_07327
/usr/bin/cmake -E cmake_link_script CMakeFiles/cmTC_07327.dir/link.txt --verbose=1
/usr/bin/cc       CMakeFiles/cmTC_07327.dir/CheckSymbolExists.c.o  -o cmTC_07327 -rdynamic 
CMakeFiles/cmTC_07327.dir/CheckSymbolExists.c.o: In function `main':
CheckSymbolExists.c:(.text+0x38): undefined reference to `pthread_create'
collect2: error: ld returned 1 exit status
CMakeFiles/cmTC_07327.dir/build.make:97: recipe for target 'cmTC_07327' failed
make[1]: *** [cmTC_07327] Error 1
make[1]: Leaving directory '/home/pi/c-web-sockets/ws-hello-world/build/CMakeFiles/CMakeTmp'
Makefile:126: recipe for target 'cmTC_07327/fast' failed
make: *** [cmTC_07327/fast] Error 2

File /home/pi/c-web-sockets/ws-hello-world/build/CMakeFiles/CMakeTmp/CheckSymbolExists.c:
/* */
#include <pthread.h>

int main(int argc, char** argv)
{
  (void)argv;
#ifndef pthread_create
  return ((int*)(&pthread_create))[argc];
#else
  (void)argc;
  return 0;
#endif
}

Determining if the function pthread_create exists in the pthreads failed with the following output:
Change Dir: /home/pi/c-web-sockets/ws-hello-world/build/CMakeFiles/CMakeTmp

Run Build Command:"/usr/bin/make" "cmTC_ddb5f/fast"
/usr/bin/make -f CMakeFiles/cmTC_ddb5f.dir/build.make CMakeFiles/cmTC_ddb5f.dir/build
make[1]: Entering directory '/home/pi/c-web-sockets/ws-hello-world/build/CMakeFiles/CMakeTmp'
Building C object CMakeFiles/cmTC_ddb5f.dir/CheckFunctionExists.c.o
/usr/bin/cc    -DCHECK_FUNCTION_EXISTS=pthread_create   -o CMakeFiles/cmTC_ddb5f.dir/CheckFunctionExists.c.o   -c /usr/share/cmake-3.7/Modules/CheckFunctionExists.c
Linking C executable cmTC_ddb5f
/usr/bin/cmake -E cmake_link_script CMakeFiles/cmTC_ddb5f.dir/link.txt --verbose=1
/usr/bin/cc   -DCHECK_FUNCTION_EXISTS=pthread_create    CMakeFiles/cmTC_ddb5f.dir/CheckFunctionExists.c.o  -o cmTC_ddb5f -rdynamic -lpthreads 
/usr/bin/ld: cannot find -lpthreads
collect2: error: ld returned 1 exit status
CMakeFiles/cmTC_ddb5f.dir/build.make:97: recipe for target 'cmTC_ddb5f' failed
make[1]: *** [cmTC_ddb5f] Error 1
make[1]: Leaving directory '/home/pi/c-web-sockets/ws-hello-world/build/CMakeFiles/CMakeTmp'
Makefile:126: recipe for target 'cmTC_ddb5f/fast' failed
make: *** [cmTC_ddb5f/fast] Error 2


